[2022-05-18T00:01:22.996129+02:00] flutterwave/rave.NOTICE: Generating Reference Number.... [] []
[2022-05-18T00:01:23.101696+02:00] flutterwave/rave.NOTICE: Generated Reference Number....MY_NAME_5a22a7f270abc8879 [] []
[2022-05-18T00:01:23.101934+02:00] flutterwave/rave.NOTICE: Rave Class Initializes.... [] []
[2022-05-18T00:01:23.102078+02:00] flutterwave/rave.NOTICE: Generating Checksum.... [] []
[2022-05-18T00:08:30.919961+02:00] flutterwave/rave.NOTICE: Generating Reference Number.... [] []
[2022-05-18T00:08:30.922587+02:00] flutterwave/rave.NOTICE: Generated Reference Number....MY_NAME_5a22a7f270abc8879 [] []
[2022-05-18T00:08:30.930542+02:00] flutterwave/rave.NOTICE: Rave Class Initializes.... [] []
[2022-05-18T00:08:30.930656+02:00] flutterwave/rave.NOTICE: Generating Checksum.... [] []
[2022-05-18T00:11:24.072129+02:00] flutterwave/rave.NOTICE: Generating Reference Number.... [] []
[2022-05-18T00:11:24.073978+02:00] flutterwave/rave.NOTICE: Generated Reference Number....MY_NAME_5a22a7f270abc8879 [] []
[2022-05-18T00:11:24.074028+02:00] flutterwave/rave.NOTICE: Rave Class Initializes.... [] []
[2022-05-18T00:11:24.074073+02:00] flutterwave/rave.NOTICE: Generating Checksum.... [] []
[2022-05-18T00:11:43.243037+02:00] flutterwave/rave.NOTICE: Generating Reference Number.... [] []
[2022-05-18T00:11:43.244895+02:00] flutterwave/rave.NOTICE: Generated Reference Number....MY_NAME_5a22a7f270abc8879 [] []
[2022-05-18T00:11:43.244946+02:00] flutterwave/rave.NOTICE: Rave Class Initializes.... [] []
[2022-05-18T00:11:43.244989+02:00] flutterwave/rave.NOTICE: Generating Checksum.... [] []
[2022-05-18T00:13:15.158516+02:00] flutterwave/rave.NOTICE: Generating Reference Number.... [] []
[2022-05-18T00:13:15.160018+02:00] flutterwave/rave.NOTICE: Generated Reference Number....MY_NAME_5a22a7f270abc8879 [] []
[2022-05-18T00:13:15.160069+02:00] flutterwave/rave.NOTICE: Rave Class Initializes.... [] []
[2022-05-18T00:13:15.160112+02:00] flutterwave/rave.NOTICE: Generating Checksum.... [] []
[2022-05-18T00:13:37.770201+02:00] flutterwave/rave.NOTICE: Generating Reference Number.... [] []
[2022-05-18T00:13:37.773822+02:00] flutterwave/rave.NOTICE: Generated Reference Number....MY_NAME_5a22a7f270abc8879 [] []
[2022-05-18T00:13:37.773946+02:00] flutterwave/rave.NOTICE: Rave Class Initializes.... [] []
[2022-05-18T00:13:37.774025+02:00] flutterwave/rave.NOTICE: Generating Checksum.... [] []
[2022-05-18T00:13:50.159623+02:00] flutterwave/rave.NOTICE: Generating Reference Number.... [] []
[2022-05-18T00:13:50.161534+02:00] flutterwave/rave.NOTICE: Generated Reference Number....RV_62841e1e276f1 [] []
[2022-05-18T00:13:50.161584+02:00] flutterwave/rave.NOTICE: Rave Class Initializes.... [] []
[2022-05-18T00:13:50.161623+02:00] flutterwave/rave.NOTICE: Payment was canceled by user..RV_62841e1e276f1 [] []
[2022-05-18T00:13:59.447133+02:00] flutterwave/rave.NOTICE: Generating Reference Number.... [] []
[2022-05-18T00:13:59.448614+02:00] flutterwave/rave.NOTICE: Generated Reference Number....MY_NAME_5a22a7f270abc8879 [] []
[2022-05-18T00:13:59.448662+02:00] flutterwave/rave.NOTICE: Rave Class Initializes.... [] []
[2022-05-18T00:13:59.448705+02:00] flutterwave/rave.NOTICE: Generating Checksum.... [] []
[2022-05-18T00:25:40.669365+02:00] flutterwave/rave.NOTICE: Generating Reference Number.... [] []
[2022-05-18T00:25:40.672730+02:00] flutterwave/rave.NOTICE: Generated Reference Number....MY_NAME_5a22a7f270abc8879 [] []
[2022-05-18T00:25:40.672782+02:00] flutterwave/rave.NOTICE: Rave Class Initializes.... [] []
[2022-05-18T00:25:40.672826+02:00] flutterwave/rave.NOTICE: Generating Checksum.... [] []
[2022-05-18T00:27:17.265859+02:00] flutterwave/rave.NOTICE: Generating Reference Number.... [] []
[2022-05-18T00:27:17.267795+02:00] flutterwave/rave.NOTICE: Generated Reference Number....MY_NAME_5a22a7f270abc8879 [] []
[2022-05-18T00:27:17.267844+02:00] flutterwave/rave.NOTICE: Rave Class Initializes.... [] []
[2022-05-18T00:27:17.267887+02:00] flutterwave/rave.NOTICE: Generating Checksum.... [] []
[2022-05-18T00:27:37.679173+02:00] flutterwave/rave.NOTICE: Generating Reference Number.... [] []
[2022-05-18T00:27:37.681820+02:00] flutterwave/rave.NOTICE: Generated Reference Number....MY_NAME_5a22a7f270abc8879 [] []
[2022-05-18T00:27:37.682024+02:00] flutterwave/rave.NOTICE: Rave Class Initializes.... [] []
[2022-05-18T00:27:37.682092+02:00] flutterwave/rave.NOTICE: Generating Checksum.... [] []
[2022-05-18T00:29:02.130868+02:00] flutterwave/rave.NOTICE: Generating Reference Number.... [] []
[2022-05-18T00:29:02.132681+02:00] flutterwave/rave.NOTICE: Generated Reference Number....MY_NAME_5a22a7f270abc8879 [] []
[2022-05-18T00:29:02.132732+02:00] flutterwave/rave.NOTICE: Rave Class Initializes.... [] []
[2022-05-18T00:29:02.132776+02:00] flutterwave/rave.NOTICE: Generating Checksum.... [] []
[2022-05-18T00:31:08.855083+02:00] flutterwave/rave.NOTICE: Generating Reference Number.... [] []
[2022-05-18T00:31:08.857704+02:00] flutterwave/rave.NOTICE: Generated Reference Number....MY_NAME_5a22a7f270abc8879 [] []
[2022-05-18T00:31:08.857755+02:00] flutterwave/rave.NOTICE: Rave Class Initializes.... [] []
[2022-05-18T00:31:08.857799+02:00] flutterwave/rave.NOTICE: Generating Checksum.... [] []
[2022-05-18T00:32:02.692429+02:00] flutterwave/rave.NOTICE: Generating Reference Number.... [] []
[2022-05-18T00:32:02.694116+02:00] flutterwave/rave.NOTICE: Generated Reference Number....MY_NAME_5a22a7f270abc8879 [] []
[2022-05-18T00:32:02.694165+02:00] flutterwave/rave.NOTICE: Rave Class Initializes.... [] []
[2022-05-18T00:32:02.694209+02:00] flutterwave/rave.NOTICE: Generating Checksum.... [] []
[2022-05-18T00:34:00.411697+02:00] flutterwave/rave.NOTICE: Generating Reference Number.... [] []
[2022-05-18T00:34:00.416516+02:00] flutterwave/rave.NOTICE: Generated Reference Number....MY_NAME_5a22a7f270abc8879 [] []
[2022-05-18T00:34:00.416579+02:00] flutterwave/rave.NOTICE: Rave Class Initializes.... [] []
[2022-05-18T00:34:00.416630+02:00] flutterwave/rave.NOTICE: Generating Checksum.... [] []
[2022-05-18T00:34:19.539356+02:00] flutterwave/rave.NOTICE: Generating Reference Number.... [] []
[2022-05-18T00:34:19.541150+02:00] flutterwave/rave.NOTICE: Generated Reference Number....MY_NAME_5a22a7f270abc8879 [] []
[2022-05-18T00:34:19.541200+02:00] flutterwave/rave.NOTICE: Rave Class Initializes.... [] []
[2022-05-18T00:34:19.541243+02:00] flutterwave/rave.NOTICE: Generating Checksum.... [] []
[2022-05-18T00:35:38.921565+02:00] flutterwave/rave.NOTICE: Generating Reference Number.... [] []
[2022-05-18T00:35:38.923295+02:00] flutterwave/rave.NOTICE: Generated Reference Number....MY_NAME_5a22a7f270abc8879 [] []
[2022-05-18T00:35:38.923351+02:00] flutterwave/rave.NOTICE: Rave Class Initializes.... [] []
[2022-05-18T00:35:38.923397+02:00] flutterwave/rave.NOTICE: Generating Checksum.... [] []
[2022-05-18T00:36:00.452738+02:00] flutterwave/rave.NOTICE: Generating Reference Number.... [] []
[2022-05-18T00:36:00.455688+02:00] flutterwave/rave.NOTICE: Generated Reference Number....MY_NAME_5a22a7f270abc8879 [] []
[2022-05-18T00:36:00.455798+02:00] flutterwave/rave.NOTICE: Rave Class Initializes.... [] []
[2022-05-18T00:36:00.455893+02:00] flutterwave/rave.NOTICE: Generating Checksum.... [] []
[2022-05-18T00:43:03.602039+02:00] flutterwave/rave.NOTICE: Generating Reference Number.... [] []
[2022-05-18T00:43:03.607237+02:00] flutterwave/rave.NOTICE: Generated Reference Number....RV_628424f7943e9 [] []
[2022-05-18T00:43:03.607364+02:00] flutterwave/rave.NOTICE: Rave Class Initializes.... [] []
[2022-05-18T00:46:56.759959+02:00] flutterwave/rave.NOTICE: Generating Reference Number.... [] []
[2022-05-18T00:46:56.763258+02:00] flutterwave/rave.NOTICE: Generated Reference Number....RV_628425e0ba56b [] []
[2022-05-18T00:46:56.763318+02:00] flutterwave/rave.NOTICE: Rave Class Initializes.... [] []
[2022-05-18T00:47:02.556323+02:00] flutterwave/rave.NOTICE: Generating Reference Number.... [] []
[2022-05-18T00:47:02.557961+02:00] flutterwave/rave.NOTICE: Generated Reference Number....MY_NAME_5a22a7f270abc8879 [] []
[2022-05-18T00:47:02.558014+02:00] flutterwave/rave.NOTICE: Rave Class Initializes.... [] []
[2022-05-18T00:47:02.558060+02:00] flutterwave/rave.NOTICE: Generating Checksum.... [] []
[2022-05-18T00:49:45.929124+02:00] flutterwave/rave.NOTICE: Generating Reference Number.... [] []
[2022-05-18T00:49:45.930988+02:00] flutterwave/rave.NOTICE: Generated Reference Number....MY_NAME_5a22a7f270abc8879 [] []
[2022-05-18T00:49:45.931038+02:00] flutterwave/rave.NOTICE: Rave Class Initializes.... [] []
[2022-05-18T00:49:45.931082+02:00] flutterwave/rave.NOTICE: Generating Checksum.... [] []
[2022-05-18T01:40:20.169874+02:00] flutterwave/rave.NOTICE: Generating Reference Number.... [] []
[2022-05-18T01:40:20.171921+02:00] flutterwave/rave.NOTICE: Generated Reference Number....RV_6284326429f85 [] []
[2022-05-18T01:40:20.171973+02:00] flutterwave/rave.NOTICE: Rave Class Initializes.... [] []
[2022-05-18T01:40:20.172017+02:00] flutterwave/rave.NOTICE: Generating Checksum.... [] []
[2022-05-18T01:44:05.205342+02:00] flutterwave/rave.NOTICE: Generating Reference Number.... [] []
[2022-05-18T01:44:05.208244+02:00] flutterwave/rave.NOTICE: Generated Reference Number....RV_6284334532d66 [] []
[2022-05-18T01:44:05.208294+02:00] flutterwave/rave.NOTICE: Rave Class Initializes.... [] []
[2022-05-18T01:44:05.208353+02:00] flutterwave/rave.NOTICE: Generating Checksum.... [] []
